                :-) GROMACS - gmx mdrun, 2021.4-plumed-2.8.0 (-:

                            GROMACS is written by:
     Andrey Alekseenko              Emile Apol              Rossen Apostolov     
         Paul Bauer           Herman J.C. Berendsen           Par Bjelkmar       
       Christian Blau           Viacheslav Bolnykh             Kevin Boyd        
     Aldert van Buuren           Rudi van Drunen             Anton Feenstra      
    Gilles Gouaillardet             Alan Gray               Gerrit Groenhof      
       Anca Hamuraru            Vincent Hindriksen          M. Eric Irrgang      
      Aleksei Iupinov           Christoph Junghans             Joe Jordan        
    Dimitrios Karkoulis            Peter Kasson                Jiri Kraus        
      Carsten Kutzner              Per Larsson              Justin A. Lemkul     
       Viveca Lindahl            Magnus Lundborg             Erik Marklund       
        Pascal Merz             Pieter Meulenhoff            Teemu Murtola       
        Szilard Pall               Sander Pronk              Roland Schulz       
       Michael Shirts            Alexey Shvetsov             Alfons Sijbers      
       Peter Tieleman              Jon Vincent              Teemu Virolainen     
     Christian Wennberg            Maarten Wolf              Artem Zhmurov       
                           and the project leaders:
        Mark Abraham, Berk Hess, Erik Lindahl, and David van der Spoel

Copyright (c) 1991-2000, University of Groningen, The Netherlands.
Copyright (c) 2001-2019, The GROMACS development team at
Uppsala University, Stockholm University and
the Royal Institute of Technology, Sweden.
check out http://www.gromacs.org for more information.

GROMACS is free software; you can redistribute it and/or modify it
under the terms of the GNU Lesser General Public License
as published by the Free Software Foundation; either version 2.1
of the License, or (at your option) any later version.

GROMACS:      gmx mdrun, version 2021.4-plumed-2.8.0
Executable:   /jet/home/wehs7661/pkgs/gromacs/2021.4/bin/gmx_mpi
Data prefix:  /jet/home/wehs7661/pkgs/gromacs/2021.4
Working dir:  /ocean/projects/cts160011p/wehs7661/advanced_sampling_tutorials/Prep/Equil/NVT
Process ID:   88711
Command line:
  gmx_mpi mdrun -s nvt_equil.tpr -deffnm nvt_equil

GROMACS version:    2021.4-plumed-2.8.0
Precision:          mixed
Memory model:       64 bit
MPI library:        MPI
OpenMP support:     enabled (GMX_OPENMP_MAX_THREADS = 64)
GPU support:        disabled
SIMD instructions:  AVX2_256
FFT library:        fftw-3.3.8-sse2-avx-avx2-avx2_128
RDTSCP usage:       enabled
TNG support:        enabled
Hwloc support:      disabled
Tracing support:    disabled
C compiler:         /jet/packages/spack/opt/spack/linux-centos8-zen/gcc-8.3.1/gcc-10.2.0-tfzxq7udz2a53dmujvasy4uz33t27iwv/bin/gcc GNU 10.2.0
C compiler flags:   -mavx2 -mfma -pthread -Wno-missing-field-initializers -fexcess-precision=fast -funroll-all-loops -O3 -DNDEBUG
C++ compiler:       /jet/packages/spack/opt/spack/linux-centos8-zen/gcc-8.3.1/gcc-10.2.0-tfzxq7udz2a53dmujvasy4uz33t27iwv/bin/g++ GNU 10.2.0
C++ compiler flags: -mavx2 -mfma -pthread -Wno-missing-field-initializers -fexcess-precision=fast -funroll-all-loops -fopenmp -O3 -DNDEBUG


Running on 1 node with total 128 cores, 128 logical cores
Hardware detected on host r003.ib.bridges2.psc.edu (the node of MPI rank 0):
  CPU info:
    Vendor: AMD
    Brand:  AMD EPYC 7742 64-Core Processor                
    Family: 23   Model: 49   Stepping: 0
    Features: aes amd apic avx avx2 clfsh cmov cx8 cx16 f16c fma htt lahf misalignsse mmx msr nonstop_tsc pclmuldq pdpe1gb popcnt pse rdrnd rdtscp sha sse2 sse3 sse4a sse4.1 sse4.2 ssse3
  Hardware topology: Basic
    Sockets, cores, and logical processors:
      Socket  0: [   0] [   1] [   2] [   3] [   4] [   5] [   6] [   7] [   8] [   9] [  10] [  11] [  12] [  13] [  14] [  15] [  16] [  17] [  18] [  19] [  20] [  21] [  22] [  23] [  24] [  25] [  26] [  27] [  28] [  29] [  30] [  31] [  32] [  33] [  34] [  35] [  36] [  37] [  38] [  39] [  40] [  41] [  42] [  43] [  44] [  45] [  46] [  47] [  48] [  49] [  50] [  51] [  52] [  53] [  54] [  55] [  56] [  57] [  58] [  59] [  60] [  61] [  62] [  63]
      Socket  1: [  64] [  65] [  66] [  67] [  68] [  69] [  70] [  71] [  72] [  73] [  74] [  75] [  76] [  77] [  78] [  79] [  80] [  81] [  82] [  83] [  84] [  85] [  86] [  87] [  88] [  89] [  90] [  91] [  92] [  93] [  94] [  95] [  96] [  97] [  98] [  99] [ 100] [ 101] [ 102] [ 103] [ 104] [ 105] [ 106] [ 107] [ 108] [ 109] [ 110] [ 111] [ 112] [ 113] [ 114] [ 115] [ 116] [ 117] [ 118] [ 119] [ 120] [ 121] [ 122] [ 123] [ 124] [ 125] [ 126] [ 127]


++++ PLEASE READ AND CITE THE FOLLOWING REFERENCE ++++
M. J. Abraham, T. Murtola, R. Schulz, S. Páll, J. C. Smith, B. Hess, E.
Lindahl
GROMACS: High performance molecular simulations through multi-level
parallelism from laptops to supercomputers
SoftwareX 1 (2015) pp. 19-25
-------- -------- --- Thank You --- -------- --------


++++ PLEASE READ AND CITE THE FOLLOWING REFERENCE ++++
S. Páll, M. J. Abraham, C. Kutzner, B. Hess, E. Lindahl
Tackling Exascale Software Challenges in Molecular Dynamics Simulations with
GROMACS
In S. Markidis & E. Laure (Eds.), Solving Software Challenges for Exascale 8759 (2015) pp. 3-27
-------- -------- --- Thank You --- -------- --------


++++ PLEASE READ AND CITE THE FOLLOWING REFERENCE ++++
S. Pronk, S. Páll, R. Schulz, P. Larsson, P. Bjelkmar, R. Apostolov, M. R.
Shirts, J. C. Smith, P. M. Kasson, D. van der Spoel, B. Hess, and E. Lindahl
GROMACS 4.5: a high-throughput and highly parallel open source molecular
simulation toolkit
Bioinformatics 29 (2013) pp. 845-54
-------- -------- --- Thank You --- -------- --------


++++ PLEASE READ AND CITE THE FOLLOWING REFERENCE ++++
B. Hess and C. Kutzner and D. van der Spoel and E. Lindahl
GROMACS 4: Algorithms for highly efficient, load-balanced, and scalable
molecular simulation
J. Chem. Theory Comput. 4 (2008) pp. 435-447
-------- -------- --- Thank You --- -------- --------


++++ PLEASE READ AND CITE THE FOLLOWING REFERENCE ++++
D. van der Spoel, E. Lindahl, B. Hess, G. Groenhof, A. E. Mark and H. J. C.
Berendsen
GROMACS: Fast, Flexible and Free
J. Comp. Chem. 26 (2005) pp. 1701-1719
-------- -------- --- Thank You --- -------- --------


++++ PLEASE READ AND CITE THE FOLLOWING REFERENCE ++++
E. Lindahl and B. Hess and D. van der Spoel
GROMACS 3.0: A package for molecular simulation and trajectory analysis
J. Mol. Mod. 7 (2001) pp. 306-317
-------- -------- --- Thank You --- -------- --------


++++ PLEASE READ AND CITE THE FOLLOWING REFERENCE ++++
H. J. C. Berendsen, D. van der Spoel and R. van Drunen
GROMACS: A message-passing parallel molecular dynamics implementation
Comp. Phys. Comm. 91 (1995) pp. 43-56
-------- -------- --- Thank You --- -------- --------

Input Parameters:
   integrator                     = md
   tinit                          = 0
   dt                             = 0.002
   nsteps                         = 100000
   init-step                      = 0
   simulation-part                = 1
   mts                            = false
   comm-mode                      = Linear
   nstcomm                        = 1
   bd-fric                        = 0
   ld-seed                        = -731252613
   emtol                          = 10
   emstep                         = 0.01
   niter                          = 20
   fcstep                         = 0
   nstcgsteep                     = 1000
   nbfgscorr                      = 10
   rtpi                           = 0.05
   nstxout                        = 0
   nstvout                        = 0
   nstfout                        = 0
   nstlog                         = 1000
   nstcalcenergy                  = 1
   nstenergy                      = 1000
   nstxout-compressed             = 1000
   compressed-x-precision         = 1000
   cutoff-scheme                  = Verlet
   nstlist                        = 10
   pbc                            = xyz
   periodic-molecules             = false
   verlet-buffer-tolerance        = 0.005
   rlist                          = 0.9
   coulombtype                    = PME
   coulomb-modifier               = Potential-shift
   rcoulomb-switch                = 0.89
   rcoulomb                       = 0.9
   epsilon-r                      = 1
   epsilon-rf                     = inf
   vdw-type                       = Cut-off
   vdw-modifier                   = Potential-switch
   rvdw-switch                    = 0.85
   rvdw                           = 0.9
   DispCorr                       = AllEnerPres
   table-extension                = 1
   fourierspacing                 = 0.1
   fourier-nx                     = 24
   fourier-ny                     = 24
   fourier-nz                     = 24
   pme-order                      = 4
   ewald-rtol                     = 1e-05
   ewald-rtol-lj                  = 0.001
   lj-pme-comb-rule               = Geometric
   ewald-geometry                 = 0
   epsilon-surface                = 0
   tcoupl                         = V-rescale
   nsttcouple                     = 1
   nh-chain-length                = 0
   print-nose-hoover-chain-variables = false
   pcoupl                         = No
   pcoupltype                     = Isotropic
   nstpcouple                     = -1
   tau-p                          = 1
   compressibility (3x3):
      compressibility[    0]={ 0.00000e+00,  0.00000e+00,  0.00000e+00}
      compressibility[    1]={ 0.00000e+00,  0.00000e+00,  0.00000e+00}
      compressibility[    2]={ 0.00000e+00,  0.00000e+00,  0.00000e+00}
   ref-p (3x3):
      ref-p[    0]={ 0.00000e+00,  0.00000e+00,  0.00000e+00}
      ref-p[    1]={ 0.00000e+00,  0.00000e+00,  0.00000e+00}
      ref-p[    2]={ 0.00000e+00,  0.00000e+00,  0.00000e+00}
   refcoord-scaling               = No
   posres-com (3):
      posres-com[0]= 0.00000e+00
      posres-com[1]= 0.00000e+00
      posres-com[2]= 0.00000e+00
   posres-comB (3):
      posres-comB[0]= 0.00000e+00
      posres-comB[1]= 0.00000e+00
      posres-comB[2]= 0.00000e+00
   QMMM                           = false
qm-opts:
   ngQM                           = 0
   constraint-algorithm           = Lincs
   continuation                   = false
   Shake-SOR                      = false
   shake-tol                      = 0.0001
   lincs-order                    = 12
   lincs-iter                     = 2
   lincs-warnangle                = 30
   nwall                          = 0
   wall-type                      = 9-3
   wall-r-linpot                  = -1
   wall-atomtype[0]               = -1
   wall-atomtype[1]               = -1
   wall-density[0]                = 0
   wall-density[1]                = 0
   wall-ewald-zfac                = 3
   pull                           = false
   awh                            = false
   rotation                       = false
   interactiveMD                  = false
   disre                          = No
   disre-weighting                = Conservative
   disre-mixed                    = false
   dr-fc                          = 1000
   dr-tau                         = 0
   nstdisreout                    = 100
   orire-fc                       = 0
   orire-tau                      = 0
   nstorireout                    = 100
   free-energy                    = no
   cos-acceleration               = 0
   deform (3x3):
      deform[    0]={ 0.00000e+00,  0.00000e+00,  0.00000e+00}
      deform[    1]={ 0.00000e+00,  0.00000e+00,  0.00000e+00}
      deform[    2]={ 0.00000e+00,  0.00000e+00,  0.00000e+00}
   simulated-tempering            = false
   swapcoords                     = no
   userint1                       = 0
   userint2                       = 0
   userint3                       = 0
   userint4                       = 0
   userreal1                      = 0
   userreal2                      = 0
   userreal3                      = 0
   userreal4                      = 0
   applied-forces:
     electric-field:
       x:
         E0                       = 0
         omega                    = 0
         t0                       = 0
         sigma                    = 0
       y:
         E0                       = 0
         omega                    = 0
         t0                       = 0
         sigma                    = 0
       z:
         E0                       = 0
         omega                    = 0
         t0                       = 0
         sigma                    = 0
     density-guided-simulation:
       active                     = false
       group                      = protein
       similarity-measure         = inner-product
       atom-spreading-weight      = unity
       force-constant             = 1e+09
       gaussian-transform-spreading-width = 0.2
       gaussian-transform-spreading-range-in-multiples-of-width = 4
       reference-density-filename = reference.mrc
       nst                        = 1
       normalize-densities        = true
       adaptive-force-scaling     = false
       adaptive-force-scaling-time-constant = 4
       shift-vector               = 
       transformation-matrix      = 
grpopts:
   nrdf:        2283
   ref-t:         298
   tau-t:         0.5
annealing:          No
annealing-npoints:           0
   acc:	           0           0           0
   nfreeze:           N           N           N
   energygrp-flags[  0]: 0

Changing nstlist from 10 to 40, rlist from 0.9 to 0.999


Initializing Domain Decomposition on 16 ranks
Dynamic load balancing: auto
The combination of rlist and box size prohibits the use of update groups
Minimum cell size due to atom displacement: 0.369 nm
Initial maximum distances in bonded interactions:
    two-body bonded interactions: 0.154 nm, Exclusion, atoms 772 773
Minimum cell size due to bonded interactions: 0.000 nm
Scaling the initial minimum size with 1/0.8 (option -dds) = 1.25
Using 0 separate PME ranks, as there are too few total
 ranks for efficient splitting
Optimizing the DD grid for 16 cells with a minimum initial size of 0.461 nm
The maximum allowed number of cells is: X 4 Y 4 Z 4
Domain decomposition grid 4 x 4 x 1, separate PME ranks 0
PME domain decomposition: 4 x 4 x 1
Domain decomposition rank 0, coordinates 0 0 0

The initial number of communication pulses is: X 2 Y 2
The initial domain decomposition cell size is: X 0.57 nm Y 0.57 nm

The maximum allowed distance for atoms involved in interactions is:
                 non-bonded interactions           0.999 nm
            two-body bonded interactions  (-rdd)   0.999 nm
          multi-body bonded interactions  (-rdd)   0.566 nm
 atoms separated by up to 13 constraints  (-rcon)  0.566 nm

When dynamic load balancing gets turned on, these settings will change to:
The maximum number of communication pulses is: X 3 Y 3
The minimum size for domain decomposition cells is 0.369 nm
The requested allowed shrink of DD cells (option -dds) is: 0.80
The allowed shrink of domain decomposition cells is: X 0.65 Y 0.65
The maximum allowed distance for atoms involved in interactions is:
                 non-bonded interactions           0.999 nm
            two-body bonded interactions  (-rdd)   0.999 nm
          multi-body bonded interactions  (-rdd)   0.369 nm
 atoms separated by up to 13 constraints  (-rcon)  0.369 nm

Using 16 MPI processes

Non-default thread affinity set, disabling internal thread affinity

Using 8 OpenMP threads per MPI process

System total charge: 0.000
Will do PME sum in reciprocal space for electrostatic interactions.

++++ PLEASE READ AND CITE THE FOLLOWING REFERENCE ++++
U. Essmann, L. Perera, M. L. Berkowitz, T. Darden, H. Lee and L. G. Pedersen 
A smooth particle mesh Ewald method
J. Chem. Phys. 103 (1995) pp. 8577-8592
-------- -------- --- Thank You --- -------- --------

Using a Gaussian width (1/beta) of 0.288146 nm for Ewald
Potential shift: LJ r^-12: 0.000e+00 r^-6: 0.000e+00, Ewald -1.111e-05
Initialized non-bonded Ewald tables, spacing: 8.85e-04 size: 1018

Long Range LJ corr.: <C6> 2.7939e-04 <C12> 2.8002e-07


Using SIMD 4x8 nonbonded short-range kernels

Using a dual 4x8 pair-list setup updated with dynamic pruning:
  outer list: updated every 40 steps, buffer 0.099 nm, rlist 0.999 nm
  inner list: updated every 11 steps, buffer 0.002 nm, rlist 0.902 nm
At tolerance 0.005 kJ/mol/ps per atom, equivalent classical 1x1 list would be:
  outer list: updated every 40 steps, buffer 0.209 nm, rlist 1.109 nm
  inner list: updated every 11 steps, buffer 0.042 nm, rlist 0.942 nm
Removing pbc first time

++++ PLEASE READ AND CITE THE FOLLOWING REFERENCE ++++
S. Miyamoto and P. A. Kollman
SETTLE: An Analytical Version of the SHAKE and RATTLE Algorithms for Rigid
Water Models
J. Comp. Chem. 13 (1992) pp. 952-962
-------- -------- --- Thank You --- -------- --------


Linking all bonded interactions to atoms


Intra-simulation communication will occur every 1 steps.

++++ PLEASE READ AND CITE THE FOLLOWING REFERENCE ++++
G. Bussi, D. Donadio and M. Parrinello
Canonical sampling through velocity rescaling
J. Chem. Phys. 126 (2007) pp. 014101
-------- -------- --- Thank You --- -------- --------

There are: 1142 Atoms
Atom distribution over 16 domains: av 71 stddev 12 min 54 max 88

Constraining the starting coordinates (step 0)

Constraining the coordinates at t0-dt (step 0)
Center of mass motion removal mode is Linear
We have the following groups for center of mass motion removal:
  0:  rest
RMS relative constraint deviation after constraining: 0.00e+00
Initial temperature: 303.806 K

Started mdrun on rank 0 Fri Feb 10 16:23:09 2023

           Step           Time
              0        0.00000

   Energies (kJ/mol)
        LJ (SR)  Disper. corr.   Coulomb (SR)   Coul. recip.      Potential
    3.13176e+03   -9.79736e+01   -2.14045e+04    1.27081e+02   -1.82437e+04
    Kinetic En.   Total Energy  Conserved En.    Temperature Pres. DC (bar)
    2.88111e+03   -1.53625e+04   -1.53538e+04    3.03564e+02   -1.39776e+02
 Pressure (bar)
   -1.31585e+03


DD  step 39 load imb.: force 19.5%

step 80 Turning on dynamic load balancing, because the performance loss due to load imbalance is 3.5 %.

DD  step 999  vol min/aver 0.839  load imb.: force  2.9%
           Step           Time
           1000        2.00000

   Energies (kJ/mol)
        LJ (SR)  Disper. corr.   Coulomb (SR)   Coul. recip.      Potential
    2.50776e+03   -9.79736e+01   -1.88644e+04    1.46232e+02   -1.63084e+04
    Kinetic En.   Total Energy  Conserved En.    Temperature Pres. DC (bar)
    2.68308e+03   -1.36253e+04   -1.53381e+04    2.82698e+02   -1.39776e+02
 Pressure (bar)
   -5.36686e+02


DD  step 1999  vol min/aver 0.817  load imb.: force  1.4%
           Step           Time
           2000        4.00000

   Energies (kJ/mol)
        LJ (SR)  Disper. corr.   Coulomb (SR)   Coul. recip.      Potential
    2.39315e+03   -9.79736e+01   -1.82486e+04    1.59409e+02   -1.57941e+04
    Kinetic En.   Total Energy  Conserved En.    Temperature Pres. DC (bar)
    2.75964e+03   -1.30344e+04   -1.53455e+04    2.90765e+02   -1.39776e+02
 Pressure (bar)
   -1.04071e+01


DD  step 2999  vol min/aver 0.805  load imb.: force  2.1%
           Step           Time
           3000        6.00000

   Energies (kJ/mol)
        LJ (SR)  Disper. corr.   Coulomb (SR)   Coul. recip.      Potential
    2.13104e+03   -9.79736e+01   -1.79843e+04    1.63220e+02   -1.57880e+04
    Kinetic En.   Total Energy  Conserved En.    Temperature Pres. DC (bar)
    2.83037e+03   -1.29577e+04   -1.53437e+04    2.98218e+02   -1.39776e+02
 Pressure (bar)
   -1.12841e+03


DD  step 3999  vol min/aver 0.823  load imb.: force  2.9%
           Step           Time
           4000        8.00000

   Energies (kJ/mol)
        LJ (SR)  Disper. corr.   Coulomb (SR)   Coul. recip.      Potential
    2.38111e+03   -9.79736e+01   -1.84293e+04    1.52217e+02   -1.59939e+04
    Kinetic En.   Total Energy  Conserved En.    Temperature Pres. DC (bar)
    2.91653e+03   -1.30774e+04   -1.53404e+04    3.07295e+02   -1.39776e+02
 Pressure (bar)
   -3.96945e+02


DD  load balancing is limited by minimum cell size in dimension Y
DD  step 4999  vol min/aver 0.813! load imb.: force  2.1%
           Step           Time
           5000       10.00000

   Energies (kJ/mol)
        LJ (SR)  Disper. corr.   Coulomb (SR)   Coul. recip.      Potential
    2.33995e+03   -9.79736e+01   -1.84269e+04    1.35108e+02   -1.60498e+04
    Kinetic En.   Total Energy  Conserved En.    Temperature Pres. DC (bar)
    2.93992e+03   -1.31099e+04   -1.53417e+04    3.09760e+02   -1.39776e+02
 Pressure (bar)
   -5.06767e+02


DD  step 5999  vol min/aver 0.828  load imb.: force  1.8%
           Step           Time
           6000       12.00000

   Energies (kJ/mol)
        LJ (SR)  Disper. corr.   Coulomb (SR)   Coul. recip.      Potential
    2.60496e+03   -9.79736e+01   -1.87088e+04    1.54104e+02   -1.60477e+04
    Kinetic En.   Total Energy  Conserved En.    Temperature Pres. DC (bar)
    2.77794e+03   -1.32698e+04   -1.53389e+04    2.92693e+02   -1.39776e+02
 Pressure (bar)
    6.03991e+02


DD  load balancing is limited by minimum cell size in dimension Y
DD  step 6999  vol min/aver 0.878! load imb.: force  2.0%
           Step           Time
           7000       14.00000

   Energies (kJ/mol)
        LJ (SR)  Disper. corr.   Coulomb (SR)   Coul. recip.      Potential
    2.54811e+03   -9.79736e+01   -1.87536e+04    1.31498e+02   -1.61720e+04
    Kinetic En.   Total Energy  Conserved En.    Temperature Pres. DC (bar)
    2.70331e+03   -1.34687e+04   -1.53364e+04    2.84830e+02   -1.39776e+02
 Pressure (bar)
    1.95907e+02


step 7200 Turning off dynamic load balancing, because it is degrading performance.
Atom distribution over 16 domains: av 71 stddev 9 min 63 max 82

DD  step 7999 load imb.: force  2.0%
           Step           Time
           8000       16.00000

   Energies (kJ/mol)
        LJ (SR)  Disper. corr.   Coulomb (SR)   Coul. recip.      Potential
    2.33158e+03   -9.79736e+01   -1.83832e+04    1.64380e+02   -1.59852e+04
    Kinetic En.   Total Energy  Conserved En.    Temperature Pres. DC (bar)
    2.77704e+03   -1.32082e+04   -1.53519e+04    2.92599e+02   -1.39776e+02
 Pressure (bar)
   -6.73656e+02


DD  step 8999 load imb.: force  3.4%
           Step           Time
           9000       18.00000

   Energies (kJ/mol)
        LJ (SR)  Disper. corr.   Coulomb (SR)   Coul. recip.      Potential
    2.36824e+03   -9.79736e+01   -1.84659e+04    1.20896e+02   -1.60747e+04
    Kinetic En.   Total Energy  Conserved En.    Temperature Pres. DC (bar)
    2.72414e+03   -1.33506e+04   -1.53374e+04    2.87024e+02   -1.39776e+02
 Pressure (bar)
   -7.01704e+02


DD  step 9999 load imb.: force  2.9%
           Step           Time
          10000       20.00000

   Energies (kJ/mol)
        LJ (SR)  Disper. corr.   Coulomb (SR)   Coul. recip.      Potential
    2.51645e+03   -9.79736e+01   -1.88264e+04    1.40924e+02   -1.62670e+04
    Kinetic En.   Total Energy  Conserved En.    Temperature Pres. DC (bar)
    2.76380e+03   -1.35032e+04   -1.53448e+04    2.91203e+02   -1.39776e+02
 Pressure (bar)
   -2.12530e+02


DD  step 10999 load imb.: force  3.7%
           Step           Time
          11000       22.00000

   Energies (kJ/mol)
        LJ (SR)  Disper. corr.   Coulomb (SR)   Coul. recip.      Potential
    2.36618e+03   -9.79736e+01   -1.84719e+04    1.40850e+02   -1.60629e+04
    Kinetic En.   Total Energy  Conserved En.    Temperature Pres. DC (bar)
    2.82338e+03   -1.32395e+04   -1.53366e+04    2.97481e+02   -1.39776e+02
 Pressure (bar)
   -4.35309e+02


DD  step 11999 load imb.: force  1.9%
           Step           Time
          12000       24.00000

   Energies (kJ/mol)
        LJ (SR)  Disper. corr.   Coulomb (SR)   Coul. recip.      Potential
    2.63742e+03   -9.79736e+01   -1.87765e+04    1.59436e+02   -1.60776e+04
    Kinetic En.   Total Energy  Conserved En.    Temperature Pres. DC (bar)
    2.73239e+03   -1.33452e+04   -1.53402e+04    2.87894e+02   -1.39776e+02
 Pressure (bar)
    5.16703e+02


DD  step 12999 load imb.: force  3.5%
           Step           Time
          13000       26.00000

   Energies (kJ/mol)
        LJ (SR)  Disper. corr.   Coulomb (SR)   Coul. recip.      Potential
    2.54264e+03   -9.79736e+01   -1.86392e+04    1.44472e+02   -1.60501e+04
    Kinetic En.   Total Energy  Conserved En.    Temperature Pres. DC (bar)
    2.78407e+03   -1.32660e+04   -1.53346e+04    2.93339e+02   -1.39776e+02
 Pressure (bar)
    2.75313e+02


DD  step 13999 load imb.: force  2.2%
           Step           Time
          14000       28.00000

   Energies (kJ/mol)
        LJ (SR)  Disper. corr.   Coulomb (SR)   Coul. recip.      Potential
    2.43672e+03   -9.79736e+01   -1.84334e+04    1.25780e+02   -1.59688e+04
    Kinetic En.   Total Energy  Conserved En.    Temperature Pres. DC (bar)
    2.80900e+03   -1.31599e+04   -1.53397e+04    2.95966e+02   -1.39776e+02
 Pressure (bar)
   -6.65119e+01


DD  step 14999 load imb.: force  2.9%
           Step           Time
          15000       30.00000

   Energies (kJ/mol)
        LJ (SR)  Disper. corr.   Coulomb (SR)   Coul. recip.      Potential
    2.34844e+03   -9.79736e+01   -1.83786e+04    1.67334e+02   -1.59608e+04
    Kinetic En.   Total Energy  Conserved En.    Temperature Pres. DC (bar)
    2.76981e+03   -1.31910e+04   -1.53328e+04    2.91836e+02   -1.39776e+02
 Pressure (bar)
   -4.07824e+02


DD  step 15999 load imb.: force  2.3%
           Step           Time
          16000       32.00000

   Energies (kJ/mol)
        LJ (SR)  Disper. corr.   Coulomb (SR)   Coul. recip.      Potential
    2.63112e+03   -9.79736e+01   -1.87817e+04    1.43966e+02   -1.61046e+04
    Kinetic En.   Total Energy  Conserved En.    Temperature Pres. DC (bar)
    2.76930e+03   -1.33353e+04   -1.53415e+04    2.91783e+02   -1.39776e+02
 Pressure (bar)
    4.63513e+02


DD  step 16999 load imb.: force  2.8%
           Step           Time
          17000       34.00000

   Energies (kJ/mol)
        LJ (SR)  Disper. corr.   Coulomb (SR)   Coul. recip.      Potential
    2.51063e+03   -9.79736e+01   -1.86183e+04    1.78537e+02   -1.60271e+04
    Kinetic En.   Total Energy  Conserved En.    Temperature Pres. DC (bar)
    2.68895e+03   -1.33382e+04   -1.53419e+04    2.83317e+02   -1.39776e+02
 Pressure (bar)
    4.48106e+01


DD  step 17999 load imb.: force  3.1%
           Step           Time
          18000       36.00000

   Energies (kJ/mol)
        LJ (SR)  Disper. corr.   Coulomb (SR)   Coul. recip.      Potential
    2.51677e+03   -9.79736e+01   -1.84561e+04    1.37776e+02   -1.58995e+04
    Kinetic En.   Total Energy  Conserved En.    Temperature Pres. DC (bar)
    2.73556e+03   -1.31640e+04   -1.53404e+04    2.88228e+02   -1.39776e+02
 Pressure (bar)
    3.76493e+02


DD  step 18999 load imb.: force  3.4%
           Step           Time
          19000       38.00000

   Energies (kJ/mol)
        LJ (SR)  Disper. corr.   Coulomb (SR)   Coul. recip.      Potential
    2.19657e+03   -9.79736e+01   -1.80674e+04    1.68104e+02   -1.58007e+04
    Kinetic En.   Total Energy  Conserved En.    Temperature Pres. DC (bar)
    2.89668e+03   -1.29040e+04   -1.53381e+04    3.05204e+02   -1.39776e+02
 Pressure (bar)
   -7.51374e+02


DD  step 19999 load imb.: force  2.6%
           Step           Time
          20000       40.00000

   Energies (kJ/mol)
        LJ (SR)  Disper. corr.   Coulomb (SR)   Coul. recip.      Potential
    2.39641e+03   -9.79736e+01   -1.84101e+04    1.51090e+02   -1.59606e+04
    Kinetic En.   Total Energy  Conserved En.    Temperature Pres. DC (bar)
    2.74508e+03   -1.32155e+04   -1.53387e+04    2.89231e+02   -1.39776e+02
 Pressure (bar)
   -2.55835e+02


DD  step 20999 load imb.: force  3.0%
           Step           Time
          21000       42.00000

   Energies (kJ/mol)
        LJ (SR)  Disper. corr.   Coulomb (SR)   Coul. recip.      Potential
    2.38145e+03   -9.79736e+01   -1.83458e+04    1.48088e+02   -1.59142e+04
    Kinetic En.   Total Energy  Conserved En.    Temperature Pres. DC (bar)
    2.86828e+03   -1.30460e+04   -1.53365e+04    3.02212e+02   -1.39776e+02
 Pressure (bar)
   -2.02720e+01


DD  step 21999 load imb.: force  2.9%
           Step           Time
          22000       44.00000

   Energies (kJ/mol)
        LJ (SR)  Disper. corr.   Coulomb (SR)   Coul. recip.      Potential
    2.59242e+03   -9.79736e+01   -1.86205e+04    1.56903e+02   -1.59692e+04
    Kinetic En.   Total Energy  Conserved En.    Temperature Pres. DC (bar)
    2.90173e+03   -1.30674e+04   -1.53340e+04    3.05736e+02   -1.39776e+02
 Pressure (bar)
    8.37934e+02


DD  step 22999 load imb.: force  3.4%
           Step           Time
          23000       46.00000

   Energies (kJ/mol)
        LJ (SR)  Disper. corr.   Coulomb (SR)   Coul. recip.      Potential
    2.55081e+03   -9.79736e+01   -1.84619e+04    1.67009e+02   -1.58420e+04
    Kinetic En.   Total Energy  Conserved En.    Temperature Pres. DC (bar)
    2.83582e+03   -1.30062e+04   -1.53371e+04    2.98792e+02   -1.39776e+02
 Pressure (bar)
    7.36439e+02


DD  step 23999 load imb.: force  4.4%
           Step           Time
          24000       48.00000

   Energies (kJ/mol)
        LJ (SR)  Disper. corr.   Coulomb (SR)   Coul. recip.      Potential
    2.46473e+03   -9.79736e+01   -1.85469e+04    1.54402e+02   -1.60258e+04
    Kinetic En.   Total Energy  Conserved En.    Temperature Pres. DC (bar)
    2.77391e+03   -1.32519e+04   -1.53360e+04    2.92269e+02   -1.39776e+02
 Pressure (bar)
   -2.95358e+02


DD  step 24999 load imb.: force  3.0%
           Step           Time
          25000       50.00000

   Energies (kJ/mol)
        LJ (SR)  Disper. corr.   Coulomb (SR)   Coul. recip.      Potential
    2.39797e+03   -9.79736e+01   -1.83489e+04    1.50916e+02   -1.58980e+04
    Kinetic En.   Total Energy  Conserved En.    Temperature Pres. DC (bar)
    2.77295e+03   -1.31250e+04   -1.53350e+04    2.92168e+02   -1.39776e+02
 Pressure (bar)
   -8.76112e+01


DD  step 25999 load imb.: force  2.1%
           Step           Time
          26000       52.00000

   Energies (kJ/mol)
        LJ (SR)  Disper. corr.   Coulomb (SR)   Coul. recip.      Potential
    2.63362e+03   -9.79736e+01   -1.89054e+04    1.48938e+02   -1.62208e+04
    Kinetic En.   Total Energy  Conserved En.    Temperature Pres. DC (bar)
    2.98384e+03   -1.32370e+04   -1.53343e+04    3.14387e+02   -1.39776e+02
 Pressure (bar)
    5.95635e+02


DD  step 26999 load imb.: force  2.8%
           Step           Time
          27000       54.00000

   Energies (kJ/mol)
        LJ (SR)  Disper. corr.   Coulomb (SR)   Coul. recip.      Potential
    2.59088e+03   -9.79736e+01   -1.88309e+04    1.45580e+02   -1.61924e+04
    Kinetic En.   Total Energy  Conserved En.    Temperature Pres. DC (bar)
    2.75878e+03   -1.34336e+04   -1.53285e+04    2.90675e+02   -1.39776e+02
 Pressure (bar)
    2.57135e+02


DD  step 27999 load imb.: force  3.4%
           Step           Time
          28000       56.00000

   Energies (kJ/mol)
        LJ (SR)  Disper. corr.   Coulomb (SR)   Coul. recip.      Potential
    2.68229e+03   -9.79736e+01   -1.88407e+04    1.68678e+02   -1.60877e+04
    Kinetic En.   Total Energy  Conserved En.    Temperature Pres. DC (bar)
    2.78918e+03   -1.32985e+04   -1.53360e+04    2.93878e+02   -1.39776e+02
 Pressure (bar)
    9.98576e+02


DD  step 28999 load imb.: force  2.6%
           Step           Time
          29000       58.00000

   Energies (kJ/mol)
        LJ (SR)  Disper. corr.   Coulomb (SR)   Coul. recip.      Potential
    2.54450e+03   -9.79736e+01   -1.88159e+04    1.38206e+02   -1.62312e+04
    Kinetic En.   Total Energy  Conserved En.    Temperature Pres. DC (bar)
    2.77410e+03   -1.34571e+04   -1.53289e+04    2.92289e+02   -1.39776e+02
 Pressure (bar)
    6.79842e+01


DD  step 29999 load imb.: force  4.3%
           Step           Time
          30000       60.00000

   Energies (kJ/mol)
        LJ (SR)  Disper. corr.   Coulomb (SR)   Coul. recip.      Potential
    2.47478e+03   -9.79736e+01   -1.87206e+04    1.46921e+02   -1.61969e+04
    Kinetic En.   Total Energy  Conserved En.    Temperature Pres. DC (bar)
    2.71376e+03   -1.34831e+04   -1.53357e+04    2.85931e+02   -1.39776e+02
 Pressure (bar)
   -2.02959e+02


DD  step 30999 load imb.: force  2.8%
           Step           Time
          31000       62.00000

   Energies (kJ/mol)
        LJ (SR)  Disper. corr.   Coulomb (SR)   Coul. recip.      Potential
    2.55257e+03   -9.79736e+01   -1.85802e+04    1.67413e+02   -1.59582e+04
    Kinetic En.   Total Energy  Conserved En.    Temperature Pres. DC (bar)
    2.66631e+03   -1.32919e+04   -1.53308e+04    2.80931e+02   -1.39776e+02
 Pressure (bar)
    4.44001e+02


DD  step 31999 load imb.: force  3.6%
           Step           Time
          32000       64.00000

   Energies (kJ/mol)
        LJ (SR)  Disper. corr.   Coulomb (SR)   Coul. recip.      Potential
    2.36339e+03   -9.79736e+01   -1.84581e+04    1.45703e+02   -1.60469e+04
    Kinetic En.   Total Energy  Conserved En.    Temperature Pres. DC (bar)
    2.84510e+03   -1.32018e+04   -1.53280e+04    2.99769e+02   -1.39776e+02
 Pressure (bar)
   -5.79057e+02


DD  step 32999 load imb.: force  2.8%
           Step           Time
          33000       66.00000

   Energies (kJ/mol)
        LJ (SR)  Disper. corr.   Coulomb (SR)   Coul. recip.      Potential
    2.35570e+03   -9.79736e+01   -1.83853e+04    1.49976e+02   -1.59776e+04
    Kinetic En.   Total Energy  Conserved En.    Temperature Pres. DC (bar)
    2.76684e+03   -1.32108e+04   -1.53326e+04    2.91524e+02   -1.39776e+02
 Pressure (bar)
   -5.21879e+02


DD  step 33999 load imb.: force  3.0%
           Step           Time
          34000       68.00000

   Energies (kJ/mol)
        LJ (SR)  Disper. corr.   Coulomb (SR)   Coul. recip.      Potential
    2.40457e+03   -9.79736e+01   -1.84771e+04    1.45062e+02   -1.60255e+04
    Kinetic En.   Total Energy  Conserved En.    Temperature Pres. DC (bar)
    2.93425e+03   -1.30912e+04   -1.53342e+04    3.09163e+02   -1.39776e+02
 Pressure (bar)
   -1.55466e+01


DD  step 34999 load imb.: force  2.9%
           Step           Time
          35000       70.00000

   Energies (kJ/mol)
        LJ (SR)  Disper. corr.   Coulomb (SR)   Coul. recip.      Potential
    2.44822e+03   -9.79736e+01   -1.85979e+04    1.49122e+02   -1.60986e+04
    Kinetic En.   Total Energy  Conserved En.    Temperature Pres. DC (bar)
    2.78464e+03   -1.33139e+04   -1.53282e+04    2.93400e+02   -1.39776e+02
 Pressure (bar)
   -3.91435e+02


DD  step 35999 load imb.: force  3.1%
           Step           Time
          36000       72.00000

   Energies (kJ/mol)
        LJ (SR)  Disper. corr.   Coulomb (SR)   Coul. recip.      Potential
    2.39392e+03   -9.79736e+01   -1.84977e+04    1.58167e+02   -1.60436e+04
    Kinetic En.   Total Energy  Conserved En.    Temperature Pres. DC (bar)
    2.72725e+03   -1.33164e+04   -1.53347e+04    2.87352e+02   -1.39776e+02
 Pressure (bar)
   -4.06135e+02


DD  step 36999 load imb.: force  2.9%
           Step           Time
          37000       74.00000

   Energies (kJ/mol)
        LJ (SR)  Disper. corr.   Coulomb (SR)   Coul. recip.      Potential
    2.13192e+03   -9.79736e+01   -1.82026e+04    1.71891e+02   -1.59968e+04
    Kinetic En.   Total Energy  Conserved En.    Temperature Pres. DC (bar)
    2.77476e+03   -1.32220e+04   -1.53304e+04    2.92358e+02   -1.39776e+02
 Pressure (bar)
   -1.61284e+03


DD  step 37999 load imb.: force  2.9%
           Step           Time
          38000       76.00000

   Energies (kJ/mol)
        LJ (SR)  Disper. corr.   Coulomb (SR)   Coul. recip.      Potential
    2.31947e+03   -9.79736e+01   -1.83882e+04    1.46886e+02   -1.60198e+04
    Kinetic En.   Total Energy  Conserved En.    Temperature Pres. DC (bar)
    2.77850e+03   -1.32413e+04   -1.53363e+04    2.92753e+02   -1.39776e+02
 Pressure (bar)
   -7.95896e+02


DD  step 38999 load imb.: force  4.2%
           Step           Time
          39000       78.00000

   Energies (kJ/mol)
        LJ (SR)  Disper. corr.   Coulomb (SR)   Coul. recip.      Potential
    2.54155e+03   -9.79736e+01   -1.86650e+04    1.51612e+02   -1.60698e+04
    Kinetic En.   Total Energy  Conserved En.    Temperature Pres. DC (bar)
    2.76875e+03   -1.33011e+04   -1.53344e+04    2.91725e+02   -1.39776e+02
 Pressure (bar)
    1.61109e+02


DD  step 39999 load imb.: force  3.9%
           Step           Time
          40000       80.00000

   Energies (kJ/mol)
        LJ (SR)  Disper. corr.   Coulomb (SR)   Coul. recip.      Potential
    2.22031e+03   -9.79736e+01   -1.80097e+04    1.65303e+02   -1.57221e+04
    Kinetic En.   Total Energy  Conserved En.    Temperature Pres. DC (bar)
    2.63580e+03   -1.30863e+04   -1.53303e+04    2.77716e+02   -1.39776e+02
 Pressure (bar)
   -5.80869e+02


DD  step 40999 load imb.: force  2.8%
           Step           Time
          41000       82.00000

   Energies (kJ/mol)
        LJ (SR)  Disper. corr.   Coulomb (SR)   Coul. recip.      Potential
    2.25886e+03   -9.79736e+01   -1.82699e+04    1.67770e+02   -1.59412e+04
    Kinetic En.   Total Energy  Conserved En.    Temperature Pres. DC (bar)
    2.74638e+03   -1.31948e+04   -1.53319e+04    2.89368e+02   -1.39776e+02
 Pressure (bar)
   -9.10211e+02


DD  step 41999 load imb.: force  2.0%
           Step           Time
          42000       84.00000

   Energies (kJ/mol)
        LJ (SR)  Disper. corr.   Coulomb (SR)   Coul. recip.      Potential
    2.65188e+03   -9.79736e+01   -1.86991e+04    1.37947e+02   -1.60072e+04
    Kinetic En.   Total Energy  Conserved En.    Temperature Pres. DC (bar)
    2.82489e+03   -1.31823e+04   -1.53285e+04    2.97640e+02   -1.39776e+02
 Pressure (bar)
    7.35808e+02


DD  step 42999 load imb.: force  2.5%
           Step           Time
          43000       86.00000

   Energies (kJ/mol)
        LJ (SR)  Disper. corr.   Coulomb (SR)   Coul. recip.      Potential
    2.36177e+03   -9.79736e+01   -1.85503e+04    1.47080e+02   -1.61394e+04
    Kinetic En.   Total Energy  Conserved En.    Temperature Pres. DC (bar)
    2.90799e+03   -1.32314e+04   -1.53365e+04    3.06396e+02   -1.39776e+02
 Pressure (bar)
   -7.88874e+02


DD  step 43999 load imb.: force  3.9%
           Step           Time
          44000       88.00000

   Energies (kJ/mol)
        LJ (SR)  Disper. corr.   Coulomb (SR)   Coul. recip.      Potential
    2.48202e+03   -9.79736e+01   -1.83605e+04    1.61819e+02   -1.58146e+04
    Kinetic En.   Total Energy  Conserved En.    Temperature Pres. DC (bar)
    2.76561e+03   -1.30490e+04   -1.53290e+04    2.91394e+02   -1.39776e+02
 Pressure (bar)
    4.05579e+02


DD  step 44999 load imb.: force  3.0%
           Step           Time
          45000       90.00000

   Energies (kJ/mol)
        LJ (SR)  Disper. corr.   Coulomb (SR)   Coul. recip.      Potential
    2.58019e+03   -9.79736e+01   -1.86079e+04    1.42869e+02   -1.59828e+04
    Kinetic En.   Total Energy  Conserved En.    Temperature Pres. DC (bar)
    3.04063e+03   -1.29422e+04   -1.53357e+04    3.20371e+02   -1.39776e+02
 Pressure (bar)
    6.30152e+02


DD  step 45999 load imb.: force  2.8%
           Step           Time
          46000       92.00000

   Energies (kJ/mol)
        LJ (SR)  Disper. corr.   Coulomb (SR)   Coul. recip.      Potential
    2.66223e+03   -9.79736e+01   -1.87304e+04    1.45189e+02   -1.60210e+04
    Kinetic En.   Total Energy  Conserved En.    Temperature Pres. DC (bar)
    2.91160e+03   -1.31094e+04   -1.53316e+04    3.06776e+02   -1.39776e+02
 Pressure (bar)
    9.74466e+02


DD  step 46999 load imb.: force  2.6%
           Step           Time
          47000       94.00000

   Energies (kJ/mol)
        LJ (SR)  Disper. corr.   Coulomb (SR)   Coul. recip.      Potential
    2.52617e+03   -9.79736e+01   -1.83715e+04    1.39679e+02   -1.58036e+04
    Kinetic En.   Total Energy  Conserved En.    Temperature Pres. DC (bar)
    2.89449e+03   -1.29091e+04   -1.53289e+04    3.04973e+02   -1.39776e+02
 Pressure (bar)
    7.21184e+02


DD  step 47999 load imb.: force  3.6%
           Step           Time
          48000       96.00000

   Energies (kJ/mol)
        LJ (SR)  Disper. corr.   Coulomb (SR)   Coul. recip.      Potential
    2.45307e+03   -9.79736e+01   -1.82441e+04    1.51805e+02   -1.57372e+04
    Kinetic En.   Total Energy  Conserved En.    Temperature Pres. DC (bar)
    2.80562e+03   -1.29316e+04   -1.53257e+04    2.95609e+02   -1.39776e+02
 Pressure (bar)
    4.42345e+02


DD  step 48999 load imb.: force  2.4%
           Step           Time
          49000       98.00000

   Energies (kJ/mol)
        LJ (SR)  Disper. corr.   Coulomb (SR)   Coul. recip.      Potential
    2.42508e+03   -9.79736e+01   -1.85358e+04    1.71392e+02   -1.60373e+04
    Kinetic En.   Total Energy  Conserved En.    Temperature Pres. DC (bar)
    2.94993e+03   -1.30873e+04   -1.53232e+04    3.10815e+02   -1.39776e+02
 Pressure (bar)
   -3.33032e+02


DD  step 49999 load imb.: force  3.6%
           Step           Time
          50000      100.00000

   Energies (kJ/mol)
        LJ (SR)  Disper. corr.   Coulomb (SR)   Coul. recip.      Potential
    2.40882e+03   -9.79736e+01   -1.84733e+04    1.61689e+02   -1.60008e+04
    Kinetic En.   Total Energy  Conserved En.    Temperature Pres. DC (bar)
    2.73111e+03   -1.32697e+04   -1.53296e+04    2.87759e+02   -1.39776e+02
 Pressure (bar)
   -3.14807e+02


DD  step 50999 load imb.: force  2.5%
           Step           Time
          51000      102.00000

   Energies (kJ/mol)
        LJ (SR)  Disper. corr.   Coulomb (SR)   Coul. recip.      Potential
    2.46461e+03   -9.79736e+01   -1.86662e+04    1.57089e+02   -1.61425e+04
    Kinetic En.   Total Energy  Conserved En.    Temperature Pres. DC (bar)
    2.82561e+03   -1.33169e+04   -1.53280e+04    2.97716e+02   -1.39776e+02
 Pressure (bar)
   -3.87945e+02


DD  step 51999 load imb.: force  3.1%
           Step           Time
          52000      104.00000

   Energies (kJ/mol)
        LJ (SR)  Disper. corr.   Coulomb (SR)   Coul. recip.      Potential
    2.46440e+03   -9.79736e+01   -1.86228e+04    1.45053e+02   -1.61113e+04
    Kinetic En.   Total Energy  Conserved En.    Temperature Pres. DC (bar)
    2.82249e+03   -1.32888e+04   -1.53271e+04    2.97387e+02   -1.39776e+02
 Pressure (bar)
   -2.58656e+01


DD  step 52999 load imb.: force  2.2%
           Step           Time
          53000      106.00000

   Energies (kJ/mol)
        LJ (SR)  Disper. corr.   Coulomb (SR)   Coul. recip.      Potential
    2.59914e+03   -9.79736e+01   -1.87147e+04    1.59880e+02   -1.60537e+04
    Kinetic En.   Total Energy  Conserved En.    Temperature Pres. DC (bar)
    2.91123e+03   -1.31424e+04   -1.53272e+04    3.06737e+02   -1.39776e+02
 Pressure (bar)
    3.29367e+02


DD  step 53999 load imb.: force  1.6%
           Step           Time
          54000      108.00000

   Energies (kJ/mol)
        LJ (SR)  Disper. corr.   Coulomb (SR)   Coul. recip.      Potential
    2.43653e+03   -9.79736e+01   -1.83836e+04    1.48414e+02   -1.58966e+04
    Kinetic En.   Total Energy  Conserved En.    Temperature Pres. DC (bar)
    2.79090e+03   -1.31057e+04   -1.53286e+04    2.94058e+02   -1.39776e+02
 Pressure (bar)
    7.29896e+01


DD  step 54999 load imb.: force  2.6%
           Step           Time
          55000      110.00000

   Energies (kJ/mol)
        LJ (SR)  Disper. corr.   Coulomb (SR)   Coul. recip.      Potential
    2.35324e+03   -9.79736e+01   -1.85206e+04    1.27499e+02   -1.61378e+04
    Kinetic En.   Total Energy  Conserved En.    Temperature Pres. DC (bar)
    2.75773e+03   -1.33801e+04   -1.53297e+04    2.90564e+02   -1.39776e+02
 Pressure (bar)
   -8.05797e+02


DD  step 55999 load imb.: force  3.1%
           Step           Time
          56000      112.00000

   Energies (kJ/mol)
        LJ (SR)  Disper. corr.   Coulomb (SR)   Coul. recip.      Potential
    2.50422e+03   -9.79736e+01   -1.85584e+04    1.51204e+02   -1.60009e+04
    Kinetic En.   Total Energy  Conserved En.    Temperature Pres. DC (bar)
    2.86318e+03   -1.31378e+04   -1.53297e+04    3.01675e+02   -1.39776e+02
 Pressure (bar)
    1.57604e+02


DD  step 56999 load imb.: force  2.1%
           Step           Time
          57000      114.00000

   Energies (kJ/mol)
        LJ (SR)  Disper. corr.   Coulomb (SR)   Coul. recip.      Potential
    2.46169e+03   -9.79736e+01   -1.83914e+04    1.57122e+02   -1.58706e+04
    Kinetic En.   Total Energy  Conserved En.    Temperature Pres. DC (bar)
    2.87617e+03   -1.29944e+04   -1.53259e+04    3.03043e+02   -1.39776e+02
 Pressure (bar)
    5.76807e+01


DD  step 57999 load imb.: force  2.9%
           Step           Time
          58000      116.00000

   Energies (kJ/mol)
        LJ (SR)  Disper. corr.   Coulomb (SR)   Coul. recip.      Potential
    2.42271e+03   -9.79736e+01   -1.83789e+04    1.50005e+02   -1.59042e+04
    Kinetic En.   Total Energy  Conserved En.    Temperature Pres. DC (bar)
    2.85133e+03   -1.30528e+04   -1.53267e+04    3.00426e+02   -1.39776e+02
 Pressure (bar)
   -8.43776e+01


DD  step 58999 load imb.: force  1.7%
           Step           Time
          59000      118.00000

   Energies (kJ/mol)
        LJ (SR)  Disper. corr.   Coulomb (SR)   Coul. recip.      Potential
    2.30053e+03   -9.79736e+01   -1.81079e+04    1.59421e+02   -1.57459e+04
    Kinetic En.   Total Energy  Conserved En.    Temperature Pres. DC (bar)
    2.69538e+03   -1.30505e+04   -1.53247e+04    2.83994e+02   -1.39776e+02
 Pressure (bar)
   -1.80618e+02


DD  step 59999 load imb.: force  2.3%
           Step           Time
          60000      120.00000

   Energies (kJ/mol)
        LJ (SR)  Disper. corr.   Coulomb (SR)   Coul. recip.      Potential
    2.25193e+03   -9.79736e+01   -1.81737e+04    1.47095e+02   -1.58726e+04
    Kinetic En.   Total Energy  Conserved En.    Temperature Pres. DC (bar)
    2.81983e+03   -1.30528e+04   -1.53303e+04    2.97107e+02   -1.39776e+02
 Pressure (bar)
   -6.22457e+02


DD  step 60999 load imb.: force  2.9%
           Step           Time
          61000      122.00000

   Energies (kJ/mol)
        LJ (SR)  Disper. corr.   Coulomb (SR)   Coul. recip.      Potential
    2.32968e+03   -9.79736e+01   -1.84360e+04    1.39035e+02   -1.60653e+04
    Kinetic En.   Total Energy  Conserved En.    Temperature Pres. DC (bar)
    2.93537e+03   -1.31299e+04   -1.53260e+04    3.09281e+02   -1.39776e+02
 Pressure (bar)
   -7.06819e+02


DD  step 61999 load imb.: force  2.9%
           Step           Time
          62000      124.00000

   Energies (kJ/mol)
        LJ (SR)  Disper. corr.   Coulomb (SR)   Coul. recip.      Potential
    2.46599e+03   -9.79736e+01   -1.86093e+04    1.51655e+02   -1.60896e+04
    Kinetic En.   Total Energy  Conserved En.    Temperature Pres. DC (bar)
    2.82413e+03   -1.32655e+04   -1.53275e+04    2.97560e+02   -1.39776e+02
 Pressure (bar)
   -4.07115e+02


DD  step 62999 load imb.: force  2.8%
           Step           Time
          63000      126.00000

   Energies (kJ/mol)
        LJ (SR)  Disper. corr.   Coulomb (SR)   Coul. recip.      Potential
    2.53285e+03   -9.79736e+01   -1.87348e+04    1.61175e+02   -1.61387e+04
    Kinetic En.   Total Energy  Conserved En.    Temperature Pres. DC (bar)
    2.80938e+03   -1.33294e+04   -1.53234e+04    2.96006e+02   -1.39776e+02
 Pressure (bar)
   -7.67258e+01


DD  step 63999 load imb.: force  1.8%
           Step           Time
          64000      128.00000

   Energies (kJ/mol)
        LJ (SR)  Disper. corr.   Coulomb (SR)   Coul. recip.      Potential
    2.46516e+03   -9.79736e+01   -1.85851e+04    1.50564e+02   -1.60673e+04
    Kinetic En.   Total Energy  Conserved En.    Temperature Pres. DC (bar)
    2.88355e+03   -1.31838e+04   -1.53336e+04    3.03821e+02   -1.39776e+02
 Pressure (bar)
   -5.32711e+01


DD  step 64999 load imb.: force  1.9%
           Step           Time
          65000      130.00000

   Energies (kJ/mol)
        LJ (SR)  Disper. corr.   Coulomb (SR)   Coul. recip.      Potential
    2.41124e+03   -9.79736e+01   -1.86313e+04    1.43987e+02   -1.61741e+04
    Kinetic En.   Total Energy  Conserved En.    Temperature Pres. DC (bar)
    2.79959e+03   -1.33745e+04   -1.53294e+04    2.94975e+02   -1.39776e+02
 Pressure (bar)
   -5.19783e+02


DD  step 65999 load imb.: force  2.4%
           Step           Time
          66000      132.00000

   Energies (kJ/mol)
        LJ (SR)  Disper. corr.   Coulomb (SR)   Coul. recip.      Potential
    2.45343e+03   -9.79736e+01   -1.86164e+04    1.57031e+02   -1.61039e+04
    Kinetic En.   Total Energy  Conserved En.    Temperature Pres. DC (bar)
    2.91920e+03   -1.31847e+04   -1.53302e+04    3.07577e+02   -1.39776e+02
 Pressure (bar)
   -1.74333e+02


DD  step 66999 load imb.: force  1.9%
           Step           Time
          67000      134.00000

   Energies (kJ/mol)
        LJ (SR)  Disper. corr.   Coulomb (SR)   Coul. recip.      Potential
    2.50762e+03   -9.79736e+01   -1.85799e+04    1.44185e+02   -1.60261e+04
    Kinetic En.   Total Energy  Conserved En.    Temperature Pres. DC (bar)
    2.84441e+03   -1.31817e+04   -1.53276e+04    2.99697e+02   -1.39776e+02
 Pressure (bar)
    3.15704e+02


DD  step 67999 load imb.: force  2.7%
           Step           Time
          68000      136.00000

   Energies (kJ/mol)
        LJ (SR)  Disper. corr.   Coulomb (SR)   Coul. recip.      Potential
    2.51973e+03   -9.79736e+01   -1.86324e+04    1.42919e+02   -1.60677e+04
    Kinetic En.   Total Energy  Conserved En.    Temperature Pres. DC (bar)
    2.81836e+03   -1.32493e+04   -1.53291e+04    2.96952e+02   -1.39776e+02
 Pressure (bar)
    1.52432e+02


DD  step 68999 load imb.: force  2.3%
           Step           Time
          69000      138.00000

   Energies (kJ/mol)
        LJ (SR)  Disper. corr.   Coulomb (SR)   Coul. recip.      Potential
    2.45877e+03   -9.79736e+01   -1.83097e+04    1.66108e+02   -1.57828e+04
    Kinetic En.   Total Energy  Conserved En.    Temperature Pres. DC (bar)
    2.74147e+03   -1.30413e+04   -1.53263e+04    2.88850e+02   -1.39776e+02
 Pressure (bar)
    3.49308e+02


DD  step 69999 load imb.: force  1.9%
           Step           Time
          70000      140.00000

   Energies (kJ/mol)
        LJ (SR)  Disper. corr.   Coulomb (SR)   Coul. recip.      Potential
    2.30597e+03   -9.79736e+01   -1.82073e+04    1.47821e+02   -1.58515e+04
    Kinetic En.   Total Energy  Conserved En.    Temperature Pres. DC (bar)
    2.69329e+03   -1.31582e+04   -1.53280e+04    2.83774e+02   -1.39776e+02
 Pressure (bar)
   -6.58896e+02


DD  step 70999 load imb.: force  2.4%
           Step           Time
          71000      142.00000

   Energies (kJ/mol)
        LJ (SR)  Disper. corr.   Coulomb (SR)   Coul. recip.      Potential
    2.27609e+03   -9.79736e+01   -1.83015e+04    1.69584e+02   -1.59538e+04
    Kinetic En.   Total Energy  Conserved En.    Temperature Pres. DC (bar)
    2.96436e+03   -1.29894e+04   -1.53245e+04    3.12336e+02   -1.39776e+02
 Pressure (bar)
   -7.24584e+02


DD  step 71999 load imb.: force  2.8%
           Step           Time
          72000      144.00000

   Energies (kJ/mol)
        LJ (SR)  Disper. corr.   Coulomb (SR)   Coul. recip.      Potential
    2.52477e+03   -9.79736e+01   -1.85404e+04    1.42841e+02   -1.59708e+04
    Kinetic En.   Total Energy  Conserved En.    Temperature Pres. DC (bar)
    2.86251e+03   -1.31082e+04   -1.53343e+04    3.01604e+02   -1.39776e+02
 Pressure (bar)
    1.83227e+02


DD  step 72999 load imb.: force  2.8%
           Step           Time
          73000      146.00000

   Energies (kJ/mol)
        LJ (SR)  Disper. corr.   Coulomb (SR)   Coul. recip.      Potential
    2.53442e+03   -9.79736e+01   -1.86491e+04    1.47372e+02   -1.60653e+04
    Kinetic En.   Total Energy  Conserved En.    Temperature Pres. DC (bar)
    2.76187e+03   -1.33034e+04   -1.53265e+04    2.91000e+02   -1.39776e+02
 Pressure (bar)
    3.49252e+02


DD  step 73999 load imb.: force  3.5%
           Step           Time
          74000      148.00000

   Energies (kJ/mol)
        LJ (SR)  Disper. corr.   Coulomb (SR)   Coul. recip.      Potential
    2.43292e+03   -9.79736e+01   -1.84979e+04    1.48165e+02   -1.60148e+04
    Kinetic En.   Total Energy  Conserved En.    Temperature Pres. DC (bar)
    2.90393e+03   -1.31109e+04   -1.53225e+04    3.05969e+02   -1.39776e+02
 Pressure (bar)
    3.28142e+01


DD  step 74999 load imb.: force  3.0%
           Step           Time
          75000      150.00000

   Energies (kJ/mol)
        LJ (SR)  Disper. corr.   Coulomb (SR)   Coul. recip.      Potential
    2.42547e+03   -9.79736e+01   -1.86678e+04    1.55842e+02   -1.61845e+04
    Kinetic En.   Total Energy  Conserved En.    Temperature Pres. DC (bar)
    2.93715e+03   -1.32473e+04   -1.53272e+04    3.09468e+02   -1.39776e+02
 Pressure (bar)
   -5.78883e+02


DD  step 75999 load imb.: force  3.6%
           Step           Time
          76000      152.00000

   Energies (kJ/mol)
        LJ (SR)  Disper. corr.   Coulomb (SR)   Coul. recip.      Potential
    2.37193e+03   -9.79736e+01   -1.84929e+04    1.66957e+02   -1.60520e+04
    Kinetic En.   Total Energy  Conserved En.    Temperature Pres. DC (bar)
    2.86368e+03   -1.31883e+04   -1.53242e+04    3.01727e+02   -1.39776e+02
 Pressure (bar)
   -5.21947e+02


DD  step 76999 load imb.: force  3.5%
           Step           Time
          77000      154.00000

   Energies (kJ/mol)
        LJ (SR)  Disper. corr.   Coulomb (SR)   Coul. recip.      Potential
    2.47017e+03   -9.79736e+01   -1.85370e+04    1.33946e+02   -1.60309e+04
    Kinetic En.   Total Energy  Conserved En.    Temperature Pres. DC (bar)
    2.92012e+03   -1.31108e+04   -1.53201e+04    3.07673e+02   -1.39776e+02
 Pressure (bar)
    4.24963e+01


DD  step 77999 load imb.: force  2.1%
           Step           Time
          78000      156.00000

   Energies (kJ/mol)
        LJ (SR)  Disper. corr.   Coulomb (SR)   Coul. recip.      Potential
    2.55533e+03   -9.79736e+01   -1.85849e+04    1.35193e+02   -1.59923e+04
    Kinetic En.   Total Energy  Conserved En.    Temperature Pres. DC (bar)
    2.76237e+03   -1.32300e+04   -1.53219e+04    2.91053e+02   -1.39776e+02
 Pressure (bar)
    4.17456e+02


DD  step 78999 load imb.: force  2.7%
           Step           Time
          79000      158.00000

   Energies (kJ/mol)
        LJ (SR)  Disper. corr.   Coulomb (SR)   Coul. recip.      Potential
    2.55168e+03   -9.79736e+01   -1.85855e+04    1.46042e+02   -1.59858e+04
    Kinetic En.   Total Energy  Conserved En.    Temperature Pres. DC (bar)
    2.95871e+03   -1.30271e+04   -1.53253e+04    3.11740e+02   -1.39776e+02
 Pressure (bar)
    5.69458e+02


DD  step 79999 load imb.: force  2.1%
           Step           Time
          80000      160.00000

   Energies (kJ/mol)
        LJ (SR)  Disper. corr.   Coulomb (SR)   Coul. recip.      Potential
    2.37746e+03   -9.79736e+01   -1.81254e+04    1.52464e+02   -1.56935e+04
    Kinetic En.   Total Energy  Conserved En.    Temperature Pres. DC (bar)
    2.96130e+03   -1.27322e+04   -1.53242e+04    3.12013e+02   -1.39776e+02
 Pressure (bar)
    1.29702e+02


DD  step 80999 load imb.: force  2.0%
           Step           Time
          81000      162.00000

   Energies (kJ/mol)
        LJ (SR)  Disper. corr.   Coulomb (SR)   Coul. recip.      Potential
    2.45194e+03   -9.79736e+01   -1.85302e+04    1.65887e+02   -1.60104e+04
    Kinetic En.   Total Energy  Conserved En.    Temperature Pres. DC (bar)
    3.03928e+03   -1.29711e+04   -1.53179e+04    3.20229e+02   -1.39776e+02
 Pressure (bar)
   -9.21754e+01


DD  step 81999 load imb.: force  2.8%
           Step           Time
          82000      164.00000

   Energies (kJ/mol)
        LJ (SR)  Disper. corr.   Coulomb (SR)   Coul. recip.      Potential
    2.55459e+03   -9.79736e+01   -1.86484e+04    1.30299e+02   -1.60615e+04
    Kinetic En.   Total Energy  Conserved En.    Temperature Pres. DC (bar)
    2.77604e+03   -1.32855e+04   -1.53256e+04    2.92493e+02   -1.39776e+02
 Pressure (bar)
    3.48156e+02


DD  step 82999 load imb.: force  3.5%
           Step           Time
          83000      166.00000

   Energies (kJ/mol)
        LJ (SR)  Disper. corr.   Coulomb (SR)   Coul. recip.      Potential
    2.34360e+03   -9.79736e+01   -1.83816e+04    1.51212e+02   -1.59847e+04
    Kinetic En.   Total Energy  Conserved En.    Temperature Pres. DC (bar)
    2.79251e+03   -1.31922e+04   -1.53169e+04    2.94228e+02   -1.39776e+02
 Pressure (bar)
   -2.60486e+02


DD  step 83999 load imb.: force  3.3%
           Step           Time
          84000      168.00000

   Energies (kJ/mol)
        LJ (SR)  Disper. corr.   Coulomb (SR)   Coul. recip.      Potential
    2.44709e+03   -9.79736e+01   -1.85706e+04    1.67698e+02   -1.60538e+04
    Kinetic En.   Total Energy  Conserved En.    Temperature Pres. DC (bar)
    2.80304e+03   -1.32507e+04   -1.53200e+04    2.95337e+02   -1.39776e+02
 Pressure (bar)
   -2.74889e+02


DD  step 84999 load imb.: force  2.6%
           Step           Time
          85000      170.00000

   Energies (kJ/mol)
        LJ (SR)  Disper. corr.   Coulomb (SR)   Coul. recip.      Potential
    2.58621e+03   -9.79736e+01   -1.86402e+04    1.47472e+02   -1.60045e+04
    Kinetic En.   Total Energy  Conserved En.    Temperature Pres. DC (bar)
    2.79018e+03   -1.32143e+04   -1.53228e+04    2.93983e+02   -1.39776e+02
 Pressure (bar)
    6.36643e+02


DD  step 85999 load imb.: force  2.6%
           Step           Time
          86000      172.00000

   Energies (kJ/mol)
        LJ (SR)  Disper. corr.   Coulomb (SR)   Coul. recip.      Potential
    2.51382e+03   -9.79736e+01   -1.85204e+04    1.45465e+02   -1.59591e+04
    Kinetic En.   Total Energy  Conserved En.    Temperature Pres. DC (bar)
    2.74106e+03   -1.32180e+04   -1.53248e+04    2.88807e+02   -1.39776e+02
 Pressure (bar)
    3.50151e+02


DD  step 86999 load imb.: force  2.0%
           Step           Time
          87000      174.00000

   Energies (kJ/mol)
        LJ (SR)  Disper. corr.   Coulomb (SR)   Coul. recip.      Potential
    2.46101e+03   -9.79736e+01   -1.87232e+04    1.44207e+02   -1.62160e+04
    Kinetic En.   Total Energy  Conserved En.    Temperature Pres. DC (bar)
    2.83807e+03   -1.33779e+04   -1.53167e+04    2.99029e+02   -1.39776e+02
 Pressure (bar)
   -3.27024e+02


DD  step 87999 load imb.: force  1.5%
           Step           Time
          88000      176.00000

   Energies (kJ/mol)
        LJ (SR)  Disper. corr.   Coulomb (SR)   Coul. recip.      Potential
    2.63875e+03   -9.79736e+01   -1.88276e+04    1.44347e+02   -1.61424e+04
    Kinetic En.   Total Energy  Conserved En.    Temperature Pres. DC (bar)
    2.82725e+03   -1.33152e+04   -1.53230e+04    2.97888e+02   -1.39776e+02
 Pressure (bar)
    5.69087e+02


DD  step 88999 load imb.: force  2.4%
           Step           Time
          89000      178.00000

   Energies (kJ/mol)
        LJ (SR)  Disper. corr.   Coulomb (SR)   Coul. recip.      Potential
    2.48051e+03   -9.79736e+01   -1.85458e+04    1.53980e+02   -1.60093e+04
    Kinetic En.   Total Energy  Conserved En.    Temperature Pres. DC (bar)
    3.01448e+03   -1.29949e+04   -1.53338e+04    3.17615e+02   -1.39776e+02
 Pressure (bar)
    1.93151e+02


DD  step 89999 load imb.: force  1.5%
           Step           Time
          90000      180.00000

   Energies (kJ/mol)
        LJ (SR)  Disper. corr.   Coulomb (SR)   Coul. recip.      Potential
    2.61040e+03   -9.79736e+01   -1.86364e+04    1.43464e+02   -1.59805e+04
    Kinetic En.   Total Energy  Conserved En.    Temperature Pres. DC (bar)
    2.77626e+03   -1.32043e+04   -1.53204e+04    2.92516e+02   -1.39776e+02
 Pressure (bar)
    6.60836e+02


DD  step 90999 load imb.: force  2.5%
           Step           Time
          91000      182.00000

   Energies (kJ/mol)
        LJ (SR)  Disper. corr.   Coulomb (SR)   Coul. recip.      Potential
    2.45666e+03   -9.79736e+01   -1.84082e+04    1.44819e+02   -1.59047e+04
    Kinetic En.   Total Energy  Conserved En.    Temperature Pres. DC (bar)
    2.78644e+03   -1.31182e+04   -1.53135e+04    2.93589e+02   -1.39776e+02
 Pressure (bar)
    8.24905e+01


DD  step 91999 load imb.: force  2.4%
           Step           Time
          92000      184.00000

   Energies (kJ/mol)
        LJ (SR)  Disper. corr.   Coulomb (SR)   Coul. recip.      Potential
    2.40872e+03   -9.79736e+01   -1.83664e+04    1.52105e+02   -1.59036e+04
    Kinetic En.   Total Energy  Conserved En.    Temperature Pres. DC (bar)
    2.77278e+03   -1.31308e+04   -1.53221e+04    2.92149e+02   -1.39776e+02
 Pressure (bar)
   -3.50974e+01


DD  step 92999 load imb.: force  0.8%
           Step           Time
          93000      186.00000

   Energies (kJ/mol)
        LJ (SR)  Disper. corr.   Coulomb (SR)   Coul. recip.      Potential
    2.35028e+03   -9.79736e+01   -1.84350e+04    1.51333e+02   -1.60314e+04
    Kinetic En.   Total Energy  Conserved En.    Temperature Pres. DC (bar)
    2.83025e+03   -1.32011e+04   -1.53196e+04    2.98205e+02   -1.39776e+02
 Pressure (bar)
   -6.95346e+02


DD  step 93999 load imb.: force  2.1%
           Step           Time
          94000      188.00000

   Energies (kJ/mol)
        LJ (SR)  Disper. corr.   Coulomb (SR)   Coul. recip.      Potential
    2.56551e+03   -9.79736e+01   -1.85087e+04    1.32983e+02   -1.59082e+04
    Kinetic En.   Total Energy  Conserved En.    Temperature Pres. DC (bar)
    2.77407e+03   -1.31341e+04   -1.53253e+04    2.92286e+02   -1.39776e+02
 Pressure (bar)
    8.41381e+02


DD  step 94999 load imb.: force  2.9%
           Step           Time
          95000      190.00000

   Energies (kJ/mol)
        LJ (SR)  Disper. corr.   Coulomb (SR)   Coul. recip.      Potential
    2.33199e+03   -9.79736e+01   -1.82922e+04    1.49622e+02   -1.59086e+04
    Kinetic En.   Total Energy  Conserved En.    Temperature Pres. DC (bar)
    2.88858e+03   -1.30200e+04   -1.53153e+04    3.04351e+02   -1.39776e+02
 Pressure (bar)
   -4.47143e+02


DD  step 95999 load imb.: force  2.9%
           Step           Time
          96000      192.00000

   Energies (kJ/mol)
        LJ (SR)  Disper. corr.   Coulomb (SR)   Coul. recip.      Potential
    2.48756e+03   -9.79736e+01   -1.84411e+04    1.50553e+02   -1.59010e+04
    Kinetic En.   Total Energy  Conserved En.    Temperature Pres. DC (bar)
    2.88493e+03   -1.30160e+04   -1.53196e+04    3.03966e+02   -1.39776e+02
 Pressure (bar)
    2.63107e+02


DD  step 96999 load imb.: force  2.7%
           Step           Time
          97000      194.00000

   Energies (kJ/mol)
        LJ (SR)  Disper. corr.   Coulomb (SR)   Coul. recip.      Potential
    2.49308e+03   -9.79736e+01   -1.85289e+04    1.53485e+02   -1.59803e+04
    Kinetic En.   Total Energy  Conserved En.    Temperature Pres. DC (bar)
    2.73500e+03   -1.32453e+04   -1.53155e+04    2.88169e+02   -1.39776e+02
 Pressure (bar)
    1.27787e+02


DD  step 97999 load imb.: force  3.2%
           Step           Time
          98000      196.00000

   Energies (kJ/mol)
        LJ (SR)  Disper. corr.   Coulomb (SR)   Coul. recip.      Potential
    2.23982e+03   -9.79736e+01   -1.81897e+04    1.55662e+02   -1.58922e+04
    Kinetic En.   Total Energy  Conserved En.    Temperature Pres. DC (bar)
    2.81579e+03   -1.30764e+04   -1.53226e+04    2.96681e+02   -1.39776e+02
 Pressure (bar)
   -1.03220e+03


DD  step 98999 load imb.: force  2.4%
           Step           Time
          99000      198.00000

   Energies (kJ/mol)
        LJ (SR)  Disper. corr.   Coulomb (SR)   Coul. recip.      Potential
    2.47852e+03   -9.79736e+01   -1.86465e+04    1.55523e+02   -1.61104e+04
    Kinetic En.   Total Energy  Conserved En.    Temperature Pres. DC (bar)
    2.86283e+03   -1.32476e+04   -1.53138e+04    3.01637e+02   -1.39776e+02
 Pressure (bar)
   -2.12947e+02


DD  step 99999 load imb.: force  2.4%
           Step           Time
         100000      200.00000

Writing checkpoint, step 100000 at Fri Feb 10 16:23:38 2023


   Energies (kJ/mol)
        LJ (SR)  Disper. corr.   Coulomb (SR)   Coul. recip.      Potential
    2.26695e+03   -9.79736e+01   -1.84263e+04    1.51965e+02   -1.61054e+04
    Kinetic En.   Total Energy  Conserved En.    Temperature Pres. DC (bar)
    2.78769e+03   -1.33177e+04   -1.53160e+04    2.93720e+02   -1.39776e+02
 Pressure (bar)
   -9.81237e+02


Energy conservation over simulation part #1 of length 200 ns, time 0 to 200 ns
  Conserved energy drift: 1.65e-04 kJ/mol/ps per atom


	<======  ###############  ==>
	<====  A V E R A G E S  ====>
	<==  ###############  ======>

	Statistics over 100001 steps using 100001 frames

   Energies (kJ/mol)
        LJ (SR)  Disper. corr.   Coulomb (SR)   Coul. recip.      Potential
    2.43879e+03   -9.79736e+01   -1.85021e+04    1.51801e+02   -1.60095e+04
    Kinetic En.   Total Energy  Conserved En.    Temperature Pres. DC (bar)
    2.81611e+03   -1.31934e+04   -1.53291e+04    2.96715e+02   -1.39776e+02
 Pressure (bar)
   -1.23229e+02

   Total Virial (kJ/mol)
    9.86378e+02    3.69043e+00   -5.54445e-01
    3.67129e+00    9.78570e+02    2.70888e+00
   -5.65722e-01    2.71503e+00    9.80588e+02

   Pressure (bar)
   -1.37163e+02   -7.34909e+00   -1.17017e+00
   -7.29442e+00   -1.13839e+02   -9.09113e+00
   -1.13796e+00   -9.10869e+00   -1.18686e+02


	M E G A - F L O P S   A C C O U N T I N G

 NB=Group-cutoff nonbonded kernels    NxN=N-by-N cluster Verlet kernels
 RF=Reaction-Field  VdW=Van der Waals  QSTab=quadratic-spline table
 W3=SPC/TIP3p  W4=TIP4p (single or pairs)
 V&F=Potential and force  V=Potential only  F=Force only

 Computing:                               M-Number         M-Flops  % Flops
-----------------------------------------------------------------------------
 Pair Search distance check            1008.277420        9074.497     0.1
 NxN Ewald Elec. + LJ [V&F]           28107.031824     3569593.042    57.2
 NxN Ewald Elec. [V&F]                26651.040592     2238687.410    35.9
 Calc Weights                           342.603426       12333.723     0.2
 Spread Q Bspline                      7308.873088       14617.746     0.2
 Gather F Bspline                      7308.873088       43853.239     0.7
 3D-FFT                               38029.780294      304238.242     4.9
 Solve PME                              230.402304       14745.747     0.2
 Reset In Box                             2.855000           8.565     0.0
 CG-CoM                                   2.857284           8.572     0.0
 Virial                                 186.201862        3351.634     0.1
 Stop-CM                                114.202284        1142.023     0.0
 Calc-Ekin                              114.202284        3083.462     0.0
 Constraint-V                           147.920010        1331.280     0.0
 Constraint-Vir                         147.918543        3550.045     0.1
 Settle                                  49.307159       18243.649     0.3
-----------------------------------------------------------------------------
 Total                                                 6237862.875   100.0
-----------------------------------------------------------------------------


    D O M A I N   D E C O M P O S I T I O N   S T A T I S T I C S

 av. #atoms communicated per step for force:  2 x 6825.9
 av. #atoms communicated per step for LINCS:  3 x 353.2


Dynamic load balancing report:
 DLB was off during the run due to low measured imbalance.
 Average load imbalance: 3.7%.
 The balanceable part of the MD step is 34%, load imbalance is computed from this.
 Part of the total run time spent waiting due to load imbalance: 1.3%.


     R E A L   C Y C L E   A N D   T I M E   A C C O U N T I N G

On 16 MPI ranks, each using 8 OpenMP threads

 Computing:          Num   Num      Call    Wall time         Giga-Cycles
                     Ranks Threads  Count      (s)         total sum    %
-----------------------------------------------------------------------------
 Domain decomp.        16    8       2501       0.521        149.729   1.8
 DD comm. load         16    8        273       0.000          0.118   0.0
 DD comm. bounds       16    8        178       0.001          0.386   0.0
 Neighbor search       16    8       2501       0.279         80.074   0.9
 Comm. coord.          16    8      97500       1.364        392.154   4.6
 Force                 16    8     100001       3.798       1091.645  12.9
 Wait + Comm. F        16    8     100001       1.540        442.686   5.2
 PME mesh              16    8     100001      14.215       4086.064  48.4
 NB X/F buffer ops.    16    8     295001       1.818        522.668   6.2
 Write traj.           16    8        101       0.007          2.131   0.0
 Update                16    8     100001       0.820        235.811   2.8
 Constraints           16    8     100003       1.417        407.336   4.8
 Comm. energies        16    8     100001       1.326        381.188   4.5
 Rest                                           2.265        651.128   7.7
-----------------------------------------------------------------------------
 Total                                         29.372       8443.118 100.0
-----------------------------------------------------------------------------
 Breakdown of PME mesh computation
-----------------------------------------------------------------------------
 PME redist. X/F       16    8     200002       3.113        894.904  10.6
 PME spread            16    8     100001       3.685       1059.326  12.5
 PME gather            16    8     100001       2.286        657.176   7.8
 PME 3D-FFT            16    8     200002       1.593        457.888   5.4
 PME 3D-FFT Comm.      16    8     400004       3.228        927.922  11.0
 PME solve Elec        16    8     100001       0.076         21.856   0.3
-----------------------------------------------------------------------------

               Core t (s)   Wall t (s)        (%)
       Time:     3759.547       29.372    12799.9
                 (ns/day)    (hour/ns)
Performance:      588.327        0.041
Finished mdrun on rank 0 Fri Feb 10 16:23:38 2023

